This file contains any messages produced by compilers while
running configure, to aid debugging if configure makes a mistake.

It was created by libu2d configure 0.1.0, which was
generated by GNU Autoconf 2.68.  Invocation command line was

  $ ./configure 

## --------- ##
## Platform. ##
## --------- ##

hostname = precise
uname -m = x86_64
uname -r = 3.2.0-44-generic
uname -s = Linux
uname -v = #69-Ubuntu SMP Thu May 16 17:35:01 UTC 2013

/usr/bin/uname -p = unknown
/bin/uname -X     = unknown

/bin/arch              = unknown
/usr/bin/arch -k       = unknown
/usr/convex/getsysinfo = unknown
/usr/bin/hostinfo      = unknown
/bin/machine           = unknown
/usr/bin/oslevel       = unknown
/bin/universe          = unknown

PATH: /usr/local/sbin
PATH: /usr/local/bin
PATH: /usr/sbin
PATH: /usr/bin
PATH: /sbin
PATH: /bin
PATH: /usr/games


## ----------- ##
## Core tests. ##
## ----------- ##

configure:2356: checking for a BSD-compatible install
configure:2424: result: /usr/bin/install -c
configure:2435: checking whether build environment is sane
configure:2485: result: yes
configure:2626: checking for a thread-safe mkdir -p
configure:2665: result: /bin/mkdir -p
configure:2678: checking for gawk
configure:2694: found /usr/bin/gawk
configure:2705: result: gawk
configure:2716: checking whether make sets $(MAKE)
configure:2738: result: yes
configure:2830: checking for style of include used by make
configure:2858: result: GNU
configure:2929: checking for gcc
configure:2945: found /usr/bin/gcc
configure:2956: result: gcc
configure:3185: checking for C compiler version
configure:3194: gcc --version >&5
gcc (Ubuntu/Linaro 4.6.3-1ubuntu5) 4.6.3
Copyright (C) 2011 Free Software Foundation, Inc.
This is free software; see the source for copying conditions.  There is NO
warranty; not even for MERCHANTABILITY or FITNESS FOR A PARTICULAR PURPOSE.

configure:3205: $? = 0
configure:3194: gcc -v >&5
Using built-in specs.
COLLECT_GCC=gcc
COLLECT_LTO_WRAPPER=/usr/lib/gcc/x86_64-linux-gnu/4.6/lto-wrapper
Target: x86_64-linux-gnu
Configured with: ../src/configure -v --with-pkgversion='Ubuntu/Linaro 4.6.3-1ubuntu5' --with-bugurl=file:///usr/share/doc/gcc-4.6/README.Bugs --enable-languages=c,c++,fortran,objc,obj-c++ --prefix=/usr --program-suffix=-4.6 --enable-shared --enable-linker-build-id --with-system-zlib --libexecdir=/usr/lib --without-included-gettext --enable-threads=posix --with-gxx-include-dir=/usr/include/c++/4.6 --libdir=/usr/lib --enable-nls --with-sysroot=/ --enable-clocale=gnu --enable-libstdcxx-debug --enable-libstdcxx-time=yes --enable-gnu-unique-object --enable-plugin --enable-objc-gc --disable-werror --with-arch-32=i686 --with-tune=generic --enable-checking=release --build=x86_64-linux-gnu --host=x86_64-linux-gnu --target=x86_64-linux-gnu
Thread model: posix
gcc version 4.6.3 (Ubuntu/Linaro 4.6.3-1ubuntu5) 
configure:3205: $? = 0
configure:3194: gcc -V >&5
gcc: error: unrecognized option '-V'
gcc: fatal error: no input files
compilation terminated.
configure:3205: $? = 4
configure:3194: gcc -qversion >&5
gcc: error: unrecognized option '-qversion'
gcc: fatal error: no input files
compilation terminated.
configure:3205: $? = 4
configure:3225: checking whether the C compiler works
configure:3247: gcc    conftest.c  >&5
configure:3251: $? = 0
configure:3299: result: yes
configure:3302: checking for C compiler default output file name
configure:3304: result: a.out
configure:3310: checking for suffix of executables
configure:3317: gcc -o conftest    conftest.c  >&5
configure:3321: $? = 0
configure:3343: result: 
configure:3365: checking whether we are cross compiling
configure:3373: gcc -o conftest    conftest.c  >&5
configure:3377: $? = 0
configure:3384: ./conftest
configure:3388: $? = 0
configure:3403: result: no
configure:3408: checking for suffix of object files
configure:3430: gcc -c   conftest.c >&5
configure:3434: $? = 0
configure:3455: result: o
configure:3459: checking whether we are using the GNU C compiler
configure:3478: gcc -c   conftest.c >&5
configure:3478: $? = 0
configure:3487: result: yes
configure:3496: checking whether gcc accepts -g
configure:3516: gcc -c -g  conftest.c >&5
configure:3516: $? = 0
configure:3557: result: yes
configure:3574: checking for gcc option to accept ISO C89
configure:3638: gcc  -c -g -O2  conftest.c >&5
configure:3638: $? = 0
configure:3651: result: none needed
configure:3673: checking dependency style of gcc
configure:3784: result: gcc3
configure:3804: checking how to run the C preprocessor
configure:3835: gcc -E  conftest.c
configure:3835: $? = 0
configure:3849: gcc -E  conftest.c
conftest.c:9:28: fatal error: ac_nonexistent.h: No such file or directory
compilation terminated.
configure:3849: $? = 1
configure: failed program was:
| /* confdefs.h */
| #define PACKAGE_NAME "libu2d"
| #define PACKAGE_TARNAME "libu2d"
| #define PACKAGE_VERSION "0.1.0"
| #define PACKAGE_STRING "libu2d 0.1.0"
| #define PACKAGE_BUGREPORT "soroush-r@users.sf.net"
| #define PACKAGE_URL "http://sourceforge.net/p/u2d-base/"
| /* end confdefs.h.  */
| #include <ac_nonexistent.h>
configure:3874: result: gcc -E
configure:3894: gcc -E  conftest.c
configure:3894: $? = 0
configure:3908: gcc -E  conftest.c
conftest.c:9:28: fatal error: ac_nonexistent.h: No such file or directory
compilation terminated.
configure:3908: $? = 1
configure: failed program was:
| /* confdefs.h */
| #define PACKAGE_NAME "libu2d"
| #define PACKAGE_TARNAME "libu2d"
| #define PACKAGE_VERSION "0.1.0"
| #define PACKAGE_STRING "libu2d 0.1.0"
| #define PACKAGE_BUGREPORT "soroush-r@users.sf.net"
| #define PACKAGE_URL "http://sourceforge.net/p/u2d-base/"
| /* end confdefs.h.  */
| #include <ac_nonexistent.h>
configure:3994: checking for g++
configure:4010: found /usr/bin/g++
configure:4021: result: g++
configure:4048: checking for C++ compiler version
configure:4057: g++ --version >&5
g++ (Ubuntu/Linaro 4.6.3-1ubuntu5) 4.6.3
Copyright (C) 2011 Free Software Foundation, Inc.
This is free software; see the source for copying conditions.  There is NO
warranty; not even for MERCHANTABILITY or FITNESS FOR A PARTICULAR PURPOSE.

configure:4068: $? = 0
configure:4057: g++ -v >&5
Using built-in specs.
COLLECT_GCC=g++
COLLECT_LTO_WRAPPER=/usr/lib/gcc/x86_64-linux-gnu/4.6/lto-wrapper
Target: x86_64-linux-gnu
Configured with: ../src/configure -v --with-pkgversion='Ubuntu/Linaro 4.6.3-1ubuntu5' --with-bugurl=file:///usr/share/doc/gcc-4.6/README.Bugs --enable-languages=c,c++,fortran,objc,obj-c++ --prefix=/usr --program-suffix=-4.6 --enable-shared --enable-linker-build-id --with-system-zlib --libexecdir=/usr/lib --without-included-gettext --enable-threads=posix --with-gxx-include-dir=/usr/include/c++/4.6 --libdir=/usr/lib --enable-nls --with-sysroot=/ --enable-clocale=gnu --enable-libstdcxx-debug --enable-libstdcxx-time=yes --enable-gnu-unique-object --enable-plugin --enable-objc-gc --disable-werror --with-arch-32=i686 --with-tune=generic --enable-checking=release --build=x86_64-linux-gnu --host=x86_64-linux-gnu --target=x86_64-linux-gnu
Thread model: posix
gcc version 4.6.3 (Ubuntu/Linaro 4.6.3-1ubuntu5) 
configure:4068: $? = 0
configure:4057: g++ -V >&5
g++: error: unrecognized option '-V'
g++: fatal error: no input files
compilation terminated.
configure:4068: $? = 4
configure:4057: g++ -qversion >&5
g++: error: unrecognized option '-qversion'
g++: fatal error: no input files
compilation terminated.
configure:4068: $? = 4
configure:4072: checking whether we are using the GNU C++ compiler
configure:4091: g++ -c   conftest.cpp >&5
configure:4091: $? = 0
configure:4100: result: yes
configure:4109: checking whether g++ accepts -g
configure:4129: g++ -c -g  conftest.cpp >&5
configure:4129: $? = 0
configure:4170: result: yes
configure:4195: checking dependency style of g++
configure:4306: result: gcc3
configure:4329: checking whether g++ supports C++11 features by default
configure:4355: g++ -c -g -O2  conftest.cpp >&5
conftest.cpp:13:21: error: expected identifier before 'sizeof'
conftest.cpp:13:21: error: expected ',' or '...' before 'sizeof'
conftest.cpp:13:63: error: ISO C++ forbids declaration of 'static_assert' with no type [-fpermissive]
conftest.cpp:16:29: error: '>>' should be '> >' within a nested template argument list
conftest.cpp:19:13: error: expected constructor, destructor, or type conversion before '(' token
conftest.cpp:23:15: error: expected unqualified-id before '&&' token
conftest.cpp:25:10: error: 'd' does not name a type
configure:4355: $? = 1
configure: failed program was:
| /* confdefs.h */
| #define PACKAGE_NAME "libu2d"
| #define PACKAGE_TARNAME "libu2d"
| #define PACKAGE_VERSION "0.1.0"
| #define PACKAGE_STRING "libu2d 0.1.0"
| #define PACKAGE_BUGREPORT "soroush-r@users.sf.net"
| #define PACKAGE_URL "http://sourceforge.net/p/u2d-base/"
| /* end confdefs.h.  */
| 
|   template <typename T>
|     struct check
|     {
|       static_assert(sizeof(int) <= sizeof(T), "not big enough");
|     };
| 
|     typedef check<check<bool>> right_angle_brackets;
| 
|     int a;
|     decltype(a) b;
| 
|     typedef check<int> check_type;
|     check_type c;
|     check_type&& cr = static_cast<check_type&&>(c);
| 
|     auto d = a;
| 
configure:4362: result: no
configure:4371: checking whether g++ supports C++11 features with -std=gnu++11
configure:4399: g++ -c -g -O2 -std=gnu++11  conftest.cpp >&5
cc1plus: error: unrecognized command line option '-std=gnu++11'
configure:4399: $? = 1
configure: failed program was:
| /* confdefs.h */
| #define PACKAGE_NAME "libu2d"
| #define PACKAGE_TARNAME "libu2d"
| #define PACKAGE_VERSION "0.1.0"
| #define PACKAGE_STRING "libu2d 0.1.0"
| #define PACKAGE_BUGREPORT "soroush-r@users.sf.net"
| #define PACKAGE_URL "http://sourceforge.net/p/u2d-base/"
| /* end confdefs.h.  */
| 
|   template <typename T>
|     struct check
|     {
|       static_assert(sizeof(int) <= sizeof(T), "not big enough");
|     };
| 
|     typedef check<check<bool>> right_angle_brackets;
| 
|     int a;
|     decltype(a) b;
| 
|     typedef check<int> check_type;
|     check_type c;
|     check_type&& cr = static_cast<check_type&&>(c);
| 
|     auto d = a;
| 
configure:4408: result: no
configure:4371: checking whether g++ supports C++11 features with -std=gnu++0x
configure:4399: g++ -c -g -O2 -std=gnu++0x  conftest.cpp >&5
configure:4399: $? = 0
configure:4408: result: yes
configure:4497: checking how to run the C++ preprocessor
configure:4524: g++ -E  conftest.cpp
configure:4524: $? = 0
configure:4538: g++ -E  conftest.cpp
conftest.cpp:10:28: fatal error: ac_nonexistent.h: No such file or directory
compilation terminated.
configure:4538: $? = 1
configure: failed program was:
| /* confdefs.h */
| #define PACKAGE_NAME "libu2d"
| #define PACKAGE_TARNAME "libu2d"
| #define PACKAGE_VERSION "0.1.0"
| #define PACKAGE_STRING "libu2d 0.1.0"
| #define PACKAGE_BUGREPORT "soroush-r@users.sf.net"
| #define PACKAGE_URL "http://sourceforge.net/p/u2d-base/"
| #define HAVE_CXX11 1
| /* end confdefs.h.  */
| #include <ac_nonexistent.h>
configure:4563: result: g++ -E
configure:4583: g++ -E  conftest.cpp
configure:4583: $? = 0
configure:4597: g++ -E  conftest.cpp
conftest.cpp:10:28: fatal error: ac_nonexistent.h: No such file or directory
compilation terminated.
configure:4597: $? = 1
configure: failed program was:
| /* confdefs.h */
| #define PACKAGE_NAME "libu2d"
| #define PACKAGE_TARNAME "libu2d"
| #define PACKAGE_VERSION "0.1.0"
| #define PACKAGE_STRING "libu2d 0.1.0"
| #define PACKAGE_BUGREPORT "soroush-r@users.sf.net"
| #define PACKAGE_URL "http://sourceforge.net/p/u2d-base/"
| #define HAVE_CXX11 1
| /* end confdefs.h.  */
| #include <ac_nonexistent.h>
configure:4626: checking for grep that handles long lines and -e
configure:4684: result: /bin/grep
configure:4689: checking for egrep
configure:4751: result: /bin/grep -E
configure:4756: checking for ANSI C header files
configure:4776: g++ -c -g -O2 -std=gnu++0x  conftest.cpp >&5
configure:4776: $? = 0
configure:4849: g++ -o conftest -g -O2 -std=gnu++0x   conftest.cpp  >&5
configure:4849: $? = 0
configure:4849: ./conftest
configure:4849: $? = 0
configure:4860: result: yes
configure:4873: checking for sys/types.h
configure:4873: g++ -c -g -O2 -std=gnu++0x  conftest.cpp >&5
configure:4873: $? = 0
configure:4873: result: yes
configure:4873: checking for sys/stat.h
configure:4873: g++ -c -g -O2 -std=gnu++0x  conftest.cpp >&5
configure:4873: $? = 0
configure:4873: result: yes
configure:4873: checking for stdlib.h
configure:4873: g++ -c -g -O2 -std=gnu++0x  conftest.cpp >&5
configure:4873: $? = 0
configure:4873: result: yes
configure:4873: checking for string.h
configure:4873: g++ -c -g -O2 -std=gnu++0x  conftest.cpp >&5
configure:4873: $? = 0
configure:4873: result: yes
configure:4873: checking for memory.h
configure:4873: g++ -c -g -O2 -std=gnu++0x  conftest.cpp >&5
configure:4873: $? = 0
configure:4873: result: yes
configure:4873: checking for strings.h
configure:4873: g++ -c -g -O2 -std=gnu++0x  conftest.cpp >&5
configure:4873: $? = 0
configure:4873: result: yes
configure:4873: checking for inttypes.h
configure:4873: g++ -c -g -O2 -std=gnu++0x  conftest.cpp >&5
configure:4873: $? = 0
configure:4873: result: yes
configure:4873: checking for stdint.h
configure:4873: g++ -c -g -O2 -std=gnu++0x  conftest.cpp >&5
configure:4873: $? = 0
configure:4873: result: yes
configure:4873: checking for unistd.h
configure:4873: g++ -c -g -O2 -std=gnu++0x  conftest.cpp >&5
configure:4873: $? = 0
configure:4873: result: yes
configure:4885: checking for size_t
configure:4885: g++ -c -g -O2 -std=gnu++0x  conftest.cpp >&5
configure:4885: $? = 0
configure:4885: g++ -c -g -O2 -std=gnu++0x  conftest.cpp >&5
conftest.cpp: In function 'int main()':
conftest.cpp:56:20: error: expected primary-expression before ')' token
configure:4885: $? = 1
configure: failed program was:
| /* confdefs.h */
| #define PACKAGE_NAME "libu2d"
| #define PACKAGE_TARNAME "libu2d"
| #define PACKAGE_VERSION "0.1.0"
| #define PACKAGE_STRING "libu2d 0.1.0"
| #define PACKAGE_BUGREPORT "soroush-r@users.sf.net"
| #define PACKAGE_URL "http://sourceforge.net/p/u2d-base/"
| #define HAVE_CXX11 1
| #define STDC_HEADERS 1
| #define HAVE_SYS_TYPES_H 1
| #define HAVE_SYS_STAT_H 1
| #define HAVE_STDLIB_H 1
| #define HAVE_STRING_H 1
| #define HAVE_MEMORY_H 1
| #define HAVE_STRINGS_H 1
| #define HAVE_INTTYPES_H 1
| #define HAVE_STDINT_H 1
| #define HAVE_UNISTD_H 1
| /* end confdefs.h.  */
| #include <stdio.h>
| #ifdef HAVE_SYS_TYPES_H
| # include <sys/types.h>
| #endif
| #ifdef HAVE_SYS_STAT_H
| # include <sys/stat.h>
| #endif
| #ifdef STDC_HEADERS
| # include <stdlib.h>
| # include <stddef.h>
| #else
| # ifdef HAVE_STDLIB_H
| #  include <stdlib.h>
| # endif
| #endif
| #ifdef HAVE_STRING_H
| # if !defined STDC_HEADERS && defined HAVE_MEMORY_H
| #  include <memory.h>
| # endif
| # include <string.h>
| #endif
| #ifdef HAVE_STRINGS_H
| # include <strings.h>
| #endif
| #ifdef HAVE_INTTYPES_H
| # include <inttypes.h>
| #endif
| #ifdef HAVE_STDINT_H
| # include <stdint.h>
| #endif
| #ifdef HAVE_UNISTD_H
| # include <unistd.h>
| #endif
| int
| main ()
| {
| if (sizeof ((size_t)))
| 	    return 0;
|   ;
|   return 0;
| }
configure:4885: result: yes
configure:4896: checking for stdbool.h that conforms to C99
configure:4963: g++ -c -g -O2 -std=gnu++0x  conftest.cpp >&5
configure:4963: $? = 0
configure:4970: result: yes
configure:4972: checking for _Bool
configure:4972: g++ -c -g -O2 -std=gnu++0x  conftest.cpp >&5
conftest.cpp: In function 'int main()':
conftest.cpp:56:13: error: '_Bool' was not declared in this scope
configure:4972: $? = 1
configure: failed program was:
| /* confdefs.h */
| #define PACKAGE_NAME "libu2d"
| #define PACKAGE_TARNAME "libu2d"
| #define PACKAGE_VERSION "0.1.0"
| #define PACKAGE_STRING "libu2d 0.1.0"
| #define PACKAGE_BUGREPORT "soroush-r@users.sf.net"
| #define PACKAGE_URL "http://sourceforge.net/p/u2d-base/"
| #define HAVE_CXX11 1
| #define STDC_HEADERS 1
| #define HAVE_SYS_TYPES_H 1
| #define HAVE_SYS_STAT_H 1
| #define HAVE_STDLIB_H 1
| #define HAVE_STRING_H 1
| #define HAVE_MEMORY_H 1
| #define HAVE_STRINGS_H 1
| #define HAVE_INTTYPES_H 1
| #define HAVE_STDINT_H 1
| #define HAVE_UNISTD_H 1
| /* end confdefs.h.  */
| #include <stdio.h>
| #ifdef HAVE_SYS_TYPES_H
| # include <sys/types.h>
| #endif
| #ifdef HAVE_SYS_STAT_H
| # include <sys/stat.h>
| #endif
| #ifdef STDC_HEADERS
| # include <stdlib.h>
| # include <stddef.h>
| #else
| # ifdef HAVE_STDLIB_H
| #  include <stdlib.h>
| # endif
| #endif
| #ifdef HAVE_STRING_H
| # if !defined STDC_HEADERS && defined HAVE_MEMORY_H
| #  include <memory.h>
| # endif
| # include <string.h>
| #endif
| #ifdef HAVE_STRINGS_H
| # include <strings.h>
| #endif
| #ifdef HAVE_INTTYPES_H
| # include <inttypes.h>
| #endif
| #ifdef HAVE_STDINT_H
| # include <stdint.h>
| #endif
| #ifdef HAVE_UNISTD_H
| # include <unistd.h>
| #endif
| int
| main ()
| {
| if (sizeof (_Bool))
| 	 return 0;
|   ;
|   return 0;
| }
configure:4972: result: no
configure:5017: checking build system type
configure:5031: result: x86_64-unknown-linux-gnu
configure:5051: checking host system type
configure:5064: result: x86_64-unknown-linux-gnu
configure:5105: checking how to print strings
configure:5132: result: printf
configure:5153: checking for a sed that does not truncate output
configure:5217: result: /bin/sed
configure:5235: checking for fgrep
configure:5297: result: /bin/grep -F
configure:5332: checking for ld used by gcc
configure:5399: result: /usr/bin/ld
configure:5406: checking if the linker (/usr/bin/ld) is GNU ld
configure:5421: result: yes
configure:5433: checking for BSD- or MS-compatible name lister (nm)
configure:5482: result: /usr/bin/nm -B
configure:5612: checking the name lister (/usr/bin/nm -B) interface
configure:5619: g++ -c -g -O2 -std=gnu++0x  conftest.cpp >&5
configure:5622: /usr/bin/nm -B "conftest.o"
configure:5625: output
0000000000000000 B some_variable
configure:5632: result: BSD nm
configure:5635: checking whether ln -s works
configure:5639: result: yes
configure:5647: checking the maximum length of command line arguments
configure:5777: result: 1572864
configure:5794: checking whether the shell understands some XSI constructs
configure:5804: result: yes
configure:5808: checking whether the shell understands "+="
configure:5814: result: yes
configure:5849: checking how to convert x86_64-unknown-linux-gnu file names to x86_64-unknown-linux-gnu format
configure:5889: result: func_convert_file_noop
configure:5896: checking how to convert x86_64-unknown-linux-gnu file names to toolchain format
configure:5916: result: func_convert_file_noop
configure:5923: checking for /usr/bin/ld option to reload object files
configure:5930: result: -r
configure:6004: checking for objdump
configure:6020: found /usr/bin/objdump
configure:6031: result: objdump
configure:6063: checking how to recognize dependent libraries
configure:6265: result: pass_all
configure:6350: checking for dlltool
configure:6380: result: no
configure:6410: checking how to associate runtime and link libraries
configure:6437: result: printf %s\n
configure:6497: checking for ar
configure:6513: found /usr/bin/ar
configure:6524: result: ar
configure:6561: checking for archiver @FILE support
configure:6578: g++ -c -g -O2 -std=gnu++0x  conftest.cpp >&5
configure:6578: $? = 0
configure:6581: ar cru libconftest.a @conftest.lst >&5
configure:6584: $? = 0
configure:6589: ar cru libconftest.a @conftest.lst >&5
ar: conftest.o: No such file or directory
configure:6592: $? = 1
configure:6604: result: @
configure:6662: checking for strip
configure:6678: found /usr/bin/strip
configure:6689: result: strip
configure:6761: checking for ranlib
configure:6777: found /usr/bin/ranlib
configure:6788: result: ranlib
configure:6890: checking command to parse /usr/bin/nm -B output from gcc object
configure:7010: g++ -c -g -O2 -std=gnu++0x  conftest.cpp >&5
configure:7013: $? = 0
configure:7017: /usr/bin/nm -B conftest.o \| sed -n -e 's/^.*[ ]\([ABCDGIRSTW][ABCDGIRSTW]*\)[ ][ ]*\([_A-Za-z][_A-Za-z0-9]*\)$/\1 \2 \2/p' | sed '/ __gnu_lto/d' \> conftest.nm
configure:7020: $? = 0
configure:7086: g++ -o conftest -g -O2 -std=gnu++0x   conftest.cpp conftstm.o >&5
configure:7089: $? = 0
configure:7127: result: ok
configure:7164: checking for sysroot
configure:7194: result: no
configure:7272: g++ -c -g -O2 -std=gnu++0x  conftest.cpp >&5
configure:7275: $? = 0
configure:7451: checking for mt
configure:7467: found /bin/mt
configure:7478: result: mt
configure:7501: checking if mt is a manifest tool
configure:7507: mt '-?'
configure:7515: result: no
configure:8154: checking for dlfcn.h
configure:8154: g++ -c -g -O2 -std=gnu++0x  conftest.cpp >&5
configure:8154: $? = 0
configure:8154: result: yes
configure:8368: checking for objdir
configure:8383: result: .libs
configure:8654: checking if gcc supports -fno-rtti -fno-exceptions
configure:8672: gcc -c -g -O2  -fno-rtti -fno-exceptions conftest.c >&5
cc1: warning: command line option '-fno-rtti' is valid for C++/ObjC++ but not for C [enabled by default]
configure:8676: $? = 0
configure:8689: result: no
configure:9016: checking for gcc option to produce PIC
configure:9023: result: -fPIC -DPIC
configure:9031: checking if gcc PIC flag -fPIC -DPIC works
configure:9049: gcc -c -g -O2  -fPIC -DPIC -DPIC conftest.c >&5
configure:9053: $? = 0
configure:9066: result: yes
configure:9095: checking if gcc static flag -static works
configure:9123: result: yes
configure:9138: checking if gcc supports -c -o file.o
configure:9159: gcc -c -g -O2  -o out/conftest2.o conftest.c >&5
configure:9163: $? = 0
configure:9185: result: yes
configure:9193: checking if gcc supports -c -o file.o
configure:9240: result: yes
configure:9273: checking whether the gcc linker (/usr/bin/ld -m elf_x86_64) supports shared libraries
configure:10430: result: yes
configure:10467: checking whether -lc should be explicitly linked in
configure:10475: gcc -c -g -O2  conftest.c >&5
configure:10478: $? = 0
configure:10493: gcc -shared  -fPIC -DPIC conftest.o  -v -Wl,-soname -Wl,conftest -o conftest 2\>\&1 \| /bin/grep  -lc  \>/dev/null 2\>\&1
configure:10496: $? = 0
configure:10510: result: no
configure:10670: checking dynamic linker characteristics
configure:11181: gcc -o conftest -g -O2   -Wl,-rpath -Wl,/foo conftest.c  >&5
configure:11181: $? = 0
configure:11415: result: GNU/Linux ld.so
configure:11522: checking how to hardcode library paths into programs
configure:11547: result: immediate
configure:12087: checking whether stripping libraries is possible
configure:12092: result: yes
configure:12127: checking if libtool supports shared libraries
configure:12129: result: yes
configure:12132: checking whether to build shared libraries
configure:12153: result: yes
configure:12156: checking whether to build static libraries
configure:12160: result: yes
configure:12183: checking how to run the C++ preprocessor
configure:12249: result: g++ -E
configure:12269: g++ -E  conftest.cpp
configure:12269: $? = 0
configure:12283: g++ -E  conftest.cpp
conftest.cpp:23:28: fatal error: ac_nonexistent.h: No such file or directory
compilation terminated.
configure:12283: $? = 1
configure: failed program was:
| /* confdefs.h */
| #define PACKAGE_NAME "libu2d"
| #define PACKAGE_TARNAME "libu2d"
| #define PACKAGE_VERSION "0.1.0"
| #define PACKAGE_STRING "libu2d 0.1.0"
| #define PACKAGE_BUGREPORT "soroush-r@users.sf.net"
| #define PACKAGE_URL "http://sourceforge.net/p/u2d-base/"
| #define HAVE_CXX11 1
| #define STDC_HEADERS 1
| #define HAVE_SYS_TYPES_H 1
| #define HAVE_SYS_STAT_H 1
| #define HAVE_STDLIB_H 1
| #define HAVE_STRING_H 1
| #define HAVE_MEMORY_H 1
| #define HAVE_STRINGS_H 1
| #define HAVE_INTTYPES_H 1
| #define HAVE_STDINT_H 1
| #define HAVE_UNISTD_H 1
| #define HAVE_STDBOOL_H 1
| #define HAVE_DLFCN_H 1
| #define LT_OBJDIR ".libs/"
| /* end confdefs.h.  */
| #include <ac_nonexistent.h>
configure:12452: checking for ld used by g++
configure:12519: result: /usr/bin/ld -m elf_x86_64
configure:12526: checking if the linker (/usr/bin/ld -m elf_x86_64) is GNU ld
configure:12541: result: yes
configure:12596: checking whether the g++ linker (/usr/bin/ld -m elf_x86_64) supports shared libraries
configure:13601: result: yes
configure:13637: g++ -c -g -O2 -std=gnu++0x  conftest.cpp >&5
configure:13640: $? = 0
configure:14160: checking for g++ option to produce PIC
configure:14167: result: -fPIC -DPIC
configure:14175: checking if g++ PIC flag -fPIC -DPIC works
configure:14193: g++ -c -g -O2 -std=gnu++0x  -fPIC -DPIC -DPIC conftest.cpp >&5
configure:14197: $? = 0
configure:14210: result: yes
configure:14233: checking if g++ static flag -static works
configure:14261: result: yes
configure:14273: checking if g++ supports -c -o file.o
configure:14294: g++ -c -g -O2 -std=gnu++0x  -o out/conftest2.o conftest.cpp >&5
configure:14298: $? = 0
configure:14320: result: yes
configure:14325: checking if g++ supports -c -o file.o
configure:14372: result: yes
configure:14402: checking whether the g++ linker (/usr/bin/ld -m elf_x86_64) supports shared libraries
configure:14441: result: yes
configure:14582: checking dynamic linker characteristics
configure:15261: result: GNU/Linux ld.so
configure:15314: checking how to hardcode library paths into programs
configure:15339: result: immediate
configure:15540: creating ./config.status

## ---------------------- ##
## Running config.status. ##
## ---------------------- ##

This file was extended by libu2d config.status 0.1.0, which was
generated by GNU Autoconf 2.68.  Invocation command line was

  CONFIG_FILES    = 
  CONFIG_HEADERS  = 
  CONFIG_LINKS    = 
  CONFIG_COMMANDS = 
  $ ./config.status 

on precise

config.status:1157: creating Makefile
config.status:1157: creating src/Makefile
config.status:1157: creating libu2d.pc
config.status:1157: creating config.h
config.status:1386: executing depfiles commands
config.status:1386: executing libtool commands

## ---------------- ##
## Cache variables. ##
## ---------------- ##

ac_cv_build=x86_64-unknown-linux-gnu
ac_cv_c_compiler_gnu=yes
ac_cv_cxx_compiler_gnu=yes
ac_cv_env_CCC_set=
ac_cv_env_CCC_value=
ac_cv_env_CC_set=
ac_cv_env_CC_value=
ac_cv_env_CFLAGS_set=
ac_cv_env_CFLAGS_value=
ac_cv_env_CPPFLAGS_set=
ac_cv_env_CPPFLAGS_value=
ac_cv_env_CPP_set=
ac_cv_env_CPP_value=
ac_cv_env_CXXCPP_set=
ac_cv_env_CXXCPP_value=
ac_cv_env_CXXFLAGS_set=
ac_cv_env_CXXFLAGS_value=
ac_cv_env_CXX_set=
ac_cv_env_CXX_value=
ac_cv_env_LDFLAGS_set=
ac_cv_env_LDFLAGS_value=
ac_cv_env_LIBS_set=
ac_cv_env_LIBS_value=
ac_cv_env_build_alias_set=
ac_cv_env_build_alias_value=
ac_cv_env_host_alias_set=
ac_cv_env_host_alias_value=
ac_cv_env_target_alias_set=
ac_cv_env_target_alias_value=
ac_cv_header_dlfcn_h=yes
ac_cv_header_inttypes_h=yes
ac_cv_header_memory_h=yes
ac_cv_header_stdbool_h=yes
ac_cv_header_stdc=yes
ac_cv_header_stdint_h=yes
ac_cv_header_stdlib_h=yes
ac_cv_header_string_h=yes
ac_cv_header_strings_h=yes
ac_cv_header_sys_stat_h=yes
ac_cv_header_sys_types_h=yes
ac_cv_header_unistd_h=yes
ac_cv_host=x86_64-unknown-linux-gnu
ac_cv_objext=o
ac_cv_path_EGREP='/bin/grep -E'
ac_cv_path_FGREP='/bin/grep -F'
ac_cv_path_GREP=/bin/grep
ac_cv_path_SED=/bin/sed
ac_cv_path_install='/usr/bin/install -c'
ac_cv_path_mkdir=/bin/mkdir
ac_cv_prog_AWK=gawk
ac_cv_prog_CPP='gcc -E'
ac_cv_prog_CXXCPP='g++ -E'
ac_cv_prog_ac_ct_AR=ar
ac_cv_prog_ac_ct_CC=gcc
ac_cv_prog_ac_ct_CXX=g++
ac_cv_prog_ac_ct_MANIFEST_TOOL=mt
ac_cv_prog_ac_ct_OBJDUMP=objdump
ac_cv_prog_ac_ct_RANLIB=ranlib
ac_cv_prog_ac_ct_STRIP=strip
ac_cv_prog_cc_c89=
ac_cv_prog_cc_g=yes
ac_cv_prog_cxx_g=yes
ac_cv_prog_make_make_set=yes
ac_cv_type__Bool=no
ac_cv_type_size_t=yes
am_cv_CC_dependencies_compiler_type=gcc3
am_cv_CXX_dependencies_compiler_type=gcc3
ax_cv_cxx_compile_cxx11=no
ax_cv_cxx_compile_cxx11__std_gnupp0x=yes
ax_cv_cxx_compile_cxx11__std_gnupp11=no
lt_cv_ar_at_file=@
lt_cv_archive_cmds_need_lc=no
lt_cv_deplibs_check_method=pass_all
lt_cv_file_magic_cmd='$MAGIC_CMD'
lt_cv_file_magic_test_file=
lt_cv_ld_reload_flag=-r
lt_cv_nm_interface='BSD nm'
lt_cv_objdir=.libs
lt_cv_path_LD=/usr/bin/ld
lt_cv_path_LDCXX='/usr/bin/ld -m elf_x86_64'
lt_cv_path_NM='/usr/bin/nm -B'
lt_cv_path_mainfest_tool=no
lt_cv_prog_compiler_c_o=yes
lt_cv_prog_compiler_c_o_CXX=yes
lt_cv_prog_compiler_pic='-fPIC -DPIC'
lt_cv_prog_compiler_pic_CXX='-fPIC -DPIC'
lt_cv_prog_compiler_pic_works=yes
lt_cv_prog_compiler_pic_works_CXX=yes
lt_cv_prog_compiler_rtti_exceptions=no
lt_cv_prog_compiler_static_works=yes
lt_cv_prog_compiler_static_works_CXX=yes
lt_cv_prog_gnu_ld=yes
lt_cv_prog_gnu_ldcxx=yes
lt_cv_sharedlib_from_linklib_cmd='printf %s\n'
lt_cv_shlibpath_overrides_runpath=no
lt_cv_sys_global_symbol_pipe='sed -n -e '\''s/^.*[	 ]\([ABCDGIRSTW][ABCDGIRSTW]*\)[	 ][	 ]*\([_A-Za-z][_A-Za-z0-9]*\)$/\1 \2 \2/p'\'' | sed '\''/ __gnu_lto/d'\'''
lt_cv_sys_global_symbol_to_c_name_address='sed -n -e '\''s/^: \([^ ]*\)[ ]*$/  {\"\1\", (void *) 0},/p'\'' -e '\''s/^[ABCDGIRSTW]* \([^ ]*\) \([^ ]*\)$/  {"\2", (void *) \&\2},/p'\'''
lt_cv_sys_global_symbol_to_c_name_address_lib_prefix='sed -n -e '\''s/^: \([^ ]*\)[ ]*$/  {\"\1\", (void *) 0},/p'\'' -e '\''s/^[ABCDGIRSTW]* \([^ ]*\) \(lib[^ ]*\)$/  {"\2", (void *) \&\2},/p'\'' -e '\''s/^[ABCDGIRSTW]* \([^ ]*\) \([^ ]*\)$/  {"lib\2", (void *) \&\2},/p'\'''
lt_cv_sys_global_symbol_to_cdecl='sed -n -e '\''s/^T .* \(.*\)$/extern int \1();/p'\'' -e '\''s/^[ABCDGIRSTW]* .* \(.*\)$/extern char \1;/p'\'''
lt_cv_sys_max_cmd_len=1572864
lt_cv_to_host_file_cmd=func_convert_file_noop
lt_cv_to_tool_file_cmd=func_convert_file_noop

## ----------------- ##
## Output variables. ##
## ----------------- ##

ACLOCAL='${SHELL} /home/soroush/workspace/u2d-base/missing --run aclocal-1.11'
AMDEPBACKSLASH='\'
AMDEP_FALSE='#'
AMDEP_TRUE=''
AMTAR='$${TAR-tar}'
AR='ar'
AUTOCONF='${SHELL} /home/soroush/workspace/u2d-base/missing --run autoconf'
AUTOHEADER='${SHELL} /home/soroush/workspace/u2d-base/missing --run autoheader'
AUTOMAKE='${SHELL} /home/soroush/workspace/u2d-base/missing --run automake-1.11'
AWK='gawk'
CC='gcc'
CCDEPMODE='depmode=gcc3'
CFLAGS='-g -O2'
CPP='gcc -E'
CPPFLAGS=''
CXX='g++'
CXXCPP='g++ -E'
CXXDEPMODE='depmode=gcc3'
CXXFLAGS='-g -O2 -std=gnu++0x'
CYGPATH_W='echo'
DEFS='-DHAVE_CONFIG_H'
DEPDIR='.deps'
DLLTOOL='false'
DSYMUTIL=''
DUMPBIN=''
ECHO_C=''
ECHO_N='-n'
ECHO_T=''
EGREP='/bin/grep -E'
EXEEXT=''
FGREP='/bin/grep -F'
GREP='/bin/grep'
HAVE_CXX11='1'
INSTALL_DATA='${INSTALL} -m 644'
INSTALL_PROGRAM='${INSTALL}'
INSTALL_SCRIPT='${INSTALL}'
INSTALL_STRIP_PROGRAM='$(install_sh) -c -s'
LD='/usr/bin/ld -m elf_x86_64'
LDFLAGS=''
LIBOBJS=''
LIBS=''
LIBTOOL='$(SHELL) $(top_builddir)/libtool'
LIPO=''
LN_S='ln -s'
LTLIBOBJS=''
MAKEINFO='${SHELL} /home/soroush/workspace/u2d-base/missing --run makeinfo'
MANIFEST_TOOL=':'
MKDIR_P='/bin/mkdir -p'
NM='/usr/bin/nm -B'
NMEDIT=''
OBJDUMP='objdump'
OBJEXT='o'
OTOOL64=''
OTOOL=''
PACKAGE='libu2d'
PACKAGE_BUGREPORT='soroush-r@users.sf.net'
PACKAGE_NAME='libu2d'
PACKAGE_STRING='libu2d 0.1.0'
PACKAGE_TARNAME='libu2d'
PACKAGE_URL='http://sourceforge.net/p/u2d-base/'
PACKAGE_VERSION='0.1.0'
PATH_SEPARATOR=':'
RANLIB='ranlib'
SED='/bin/sed'
SET_MAKE=''
SHELL='/bin/bash'
STRIP='strip'
U2D_API_VERSION='0.1.0'
U2D_SO_VERSION='0:1:0'
VERSION='0.1.0'
ac_ct_AR='ar'
ac_ct_CC='gcc'
ac_ct_CXX='g++'
ac_ct_DUMPBIN=''
am__EXEEXT_FALSE=''
am__EXEEXT_TRUE='#'
am__fastdepCC_FALSE='#'
am__fastdepCC_TRUE=''
am__fastdepCXX_FALSE='#'
am__fastdepCXX_TRUE=''
am__include='include'
am__isrc=''
am__leading_dot='.'
am__nodep='_no'
am__quote=''
am__tar='$${TAR-tar} chof - "$$tardir"'
am__untar='$${TAR-tar} xf -'
bindir='${exec_prefix}/bin'
build='x86_64-unknown-linux-gnu'
build_alias=''
build_cpu='x86_64'
build_os='linux-gnu'
build_vendor='unknown'
datadir='${datarootdir}'
datarootdir='${prefix}/share'
docdir='${datarootdir}/doc/${PACKAGE_TARNAME}'
dvidir='${docdir}'
exec_prefix='${prefix}'
host='x86_64-unknown-linux-gnu'
host_alias=''
host_cpu='x86_64'
host_os='linux-gnu'
host_vendor='unknown'
htmldir='${docdir}'
includedir='${prefix}/include'
infodir='${datarootdir}/info'
install_sh='${SHELL} /home/soroush/workspace/u2d-base/install-sh'
libdir='${exec_prefix}/lib'
libexecdir='${exec_prefix}/libexec'
localedir='${datarootdir}/locale'
localstatedir='${prefix}/var'
mandir='${datarootdir}/man'
mkdir_p='/bin/mkdir -p'
oldincludedir='/usr/include'
pdfdir='${docdir}'
prefix='/usr/local'
program_transform_name='s,x,x,'
psdir='${docdir}'
sbindir='${exec_prefix}/sbin'
sharedstatedir='${prefix}/com'
sysconfdir='${prefix}/etc'
target_alias=''

## ----------- ##
## confdefs.h. ##
## ----------- ##

/* confdefs.h */
#define PACKAGE_NAME "libu2d"
#define PACKAGE_TARNAME "libu2d"
#define PACKAGE_VERSION "0.1.0"
#define PACKAGE_STRING "libu2d 0.1.0"
#define PACKAGE_BUGREPORT "soroush-r@users.sf.net"
#define PACKAGE_URL "http://sourceforge.net/p/u2d-base/"
#define HAVE_CXX11 1
#define STDC_HEADERS 1
#define HAVE_SYS_TYPES_H 1
#define HAVE_SYS_STAT_H 1
#define HAVE_STDLIB_H 1
#define HAVE_STRING_H 1
#define HAVE_MEMORY_H 1
#define HAVE_STRINGS_H 1
#define HAVE_INTTYPES_H 1
#define HAVE_STDINT_H 1
#define HAVE_UNISTD_H 1
#define HAVE_STDBOOL_H 1
#define HAVE_DLFCN_H 1
#define LT_OBJDIR ".libs/"

configure: exit 0
